<?xml version="1.0" encoding="UTF-8"?>
<!-- Generated by org.testng.reporters.JUnitReportReporter -->
<testsuite hostname="LIN25007197" failures="0" tests="1" name="testFiles.TestRunner" time="6.183" errors="0" timestamp="2024-11-25T15:40:33 IST" skipped="0">
  <testcase classname="testFiles.TestRunner" name="runScenario" time="6.183"/>
</testsuite> <!-- testFiles.TestRunner -->
