<?xml version="1.0" encoding="UTF-8"?>
<!-- Generated by org.testng.reporters.JUnitReportReporter -->
<testsuite hostname="LIN25007197" failures="0" tests="1" name="testFiles.TestRunner" time="17.731" errors="0" timestamp="2024-11-25T13:25:14 IST" skipped="0">
  <testcase classname="testFiles.TestRunner" name="runScenario" time="17.731"/>
</testsuite> <!-- testFiles.TestRunner -->
